despesas-com-cartao-corporativo-e-suprimento-de-fundos_2016_Abril.xls: Missing optional dependency 'xlrd'. Install xlrd >= 2.0.1 for xls Excel support Use pip or conda to install xlrd.
despesas-com-cartao-corporativo-e-suprimento-de-fundos_2016_Agosto.xls: Missing optional dependency 'xlrd'. Install xlrd >= 2.0.1 for xls Excel support Use pip or conda to install xlrd.
despesas-com-cartao-corporativo-e-suprimento-de-fundos_2016_Dezembro.xls: Missing optional dependency 'xlrd'. Install xlrd >= 2.0.1 for xls Excel support Use pip or conda to install xlrd.
despesas-com-cartao-corporativo-e-suprimento-de-fundos_2016_Fevereiro.xls: Missing optional dependency 'xlrd'. Install xlrd >= 2.0.1 for xls Excel support Use pip or conda to install xlrd.
despesas-com-cartao-corporativo-e-suprimento-de-fundos_2016_Janeiro.xls: Missing optional dependency 'xlrd'. Install xlrd >= 2.0.1 for xls Excel support Use pip or conda to install xlrd.
despesas-com-cartao-corporativo-e-suprimento-de-fundos_2016_Julho.xls: Missing optional dependency 'xlrd'. Install xlrd >= 2.0.1 for xls Excel support Use pip or conda to install xlrd.
despesas-com-cartao-corporativo-e-suprimento-de-fundos_2016_Junho.xls: Missing optional dependency 'xlrd'. Install xlrd >= 2.0.1 for xls Excel support Use pip or conda to install xlrd.
despesas-com-cartao-corporativo-e-suprimento-de-fundos_2016_Maio.xls: Missing optional dependency 'xlrd'. Install xlrd >= 2.0.1 for xls Excel support Use pip or conda to install xlrd.
despesas-com-cartao-corporativo-e-suprimento-de-fundos_2016_Marco.xls: Missing optional dependency 'xlrd'. Install xlrd >= 2.0.1 for xls Excel support Use pip or conda to install xlrd.
despesas-com-cartao-corporativo-e-suprimento-de-fundos_2016_Novembro.xls: Missing optional dependency 'xlrd'. Install xlrd >= 2.0.1 for xls Excel support Use pip or conda to install xlrd.
despesas-com-cartao-corporativo-e-suprimento-de-fundos_2016_Outubro.xls: Missing optional dependency 'xlrd'. Install xlrd >= 2.0.1 for xls Excel support Use pip or conda to install xlrd.
despesas-com-cartao-corporativo-e-suprimento-de-fundos_2016_Setembro.xls: Missing optional dependency 'xlrd'. Install xlrd >= 2.0.1 for xls Excel support Use pip or conda to install xlrd.
despesas-com-cartao-corporativo-e-suprimento-de-fundos_2017_Abril.xls: Missing optional dependency 'xlrd'. Install xlrd >= 2.0.1 for xls Excel support Use pip or conda to install xlrd.
despesas-com-cartao-corporativo-e-suprimento-de-fundos_2017_Agosto.xls: Missing optional dependency 'xlrd'. Install xlrd >= 2.0.1 for xls Excel support Use pip or conda to install xlrd.
despesas-com-cartao-corporativo-e-suprimento-de-fundos_2017_Dezembro.xls: Missing optional dependency 'xlrd'. Install xlrd >= 2.0.1 for xls Excel support Use pip or conda to install xlrd.
despesas-com-cartao-corporativo-e-suprimento-de-fundos_2017_Fevereiro.xls: Missing optional dependency 'xlrd'. Install xlrd >= 2.0.1 for xls Excel support Use pip or conda to install xlrd.
despesas-com-cartao-corporativo-e-suprimento-de-fundos_2017_Janeiro.xls: Missing optional dependency 'xlrd'. Install xlrd >= 2.0.1 for xls Excel support Use pip or conda to install xlrd.
despesas-com-cartao-corporativo-e-suprimento-de-fundos_2017_Julho.xls: Missing optional dependency 'xlrd'. Install xlrd >= 2.0.1 for xls Excel support Use pip or conda to install xlrd.
despesas-com-cartao-corporativo-e-suprimento-de-fundos_2017_Junho.xls: Missing optional dependency 'xlrd'. Install xlrd >= 2.0.1 for xls Excel support Use pip or conda to install xlrd.
despesas-com-cartao-corporativo-e-suprimento-de-fundos_2017_Maio.xls: Missing optional dependency 'xlrd'. Install xlrd >= 2.0.1 for xls Excel support Use pip or conda to install xlrd.
despesas-com-cartao-corporativo-e-suprimento-de-fundos_2017_Marco.xls: Missing optional dependency 'xlrd'. Install xlrd >= 2.0.1 for xls Excel support Use pip or conda to install xlrd.
despesas-com-cartao-corporativo-e-suprimento-de-fundos_2017_Novembro.xls: Missing optional dependency 'xlrd'. Install xlrd >= 2.0.1 for xls Excel support Use pip or conda to install xlrd.
despesas-com-cartao-corporativo-e-suprimento-de-fundos_2017_Outubro.xls: Missing optional dependency 'xlrd'. Install xlrd >= 2.0.1 for xls Excel support Use pip or conda to install xlrd.
despesas-com-cartao-corporativo-e-suprimento-de-fundos_2017_Setembro.xls: Missing optional dependency 'xlrd'. Install xlrd >= 2.0.1 for xls Excel support Use pip or conda to install xlrd.
despesas-com-cartao-corporativo-e-suprimento-de-fundos_2018_Abril.xls: Missing optional dependency 'xlrd'. Install xlrd >= 2.0.1 for xls Excel support Use pip or conda to install xlrd.
despesas-com-cartao-corporativo-e-suprimento-de-fundos_2018_Agosto.xls: Missing optional dependency 'xlrd'. Install xlrd >= 2.0.1 for xls Excel support Use pip or conda to install xlrd.
despesas-com-cartao-corporativo-e-suprimento-de-fundos_2018_Dezembro.xls: Missing optional dependency 'xlrd'. Install xlrd >= 2.0.1 for xls Excel support Use pip or conda to install xlrd.
despesas-com-cartao-corporativo-e-suprimento-de-fundos_2018_Fevereiro.xls: Missing optional dependency 'xlrd'. Install xlrd >= 2.0.1 for xls Excel support Use pip or conda to install xlrd.
despesas-com-cartao-corporativo-e-suprimento-de-fundos_2018_Janeiro.xls: Missing optional dependency 'xlrd'. Install xlrd >= 2.0.1 for xls Excel support Use pip or conda to install xlrd.
despesas-com-cartao-corporativo-e-suprimento-de-fundos_2018_Julho.xls: Missing optional dependency 'xlrd'. Install xlrd >= 2.0.1 for xls Excel support Use pip or conda to install xlrd.
despesas-com-cartao-corporativo-e-suprimento-de-fundos_2018_Junho.xls: Missing optional dependency 'xlrd'. Install xlrd >= 2.0.1 for xls Excel support Use pip or conda to install xlrd.
despesas-com-cartao-corporativo-e-suprimento-de-fundos_2018_Maio.xls: Missing optional dependency 'xlrd'. Install xlrd >= 2.0.1 for xls Excel support Use pip or conda to install xlrd.
despesas-com-cartao-corporativo-e-suprimento-de-fundos_2018_Marco.xls: Missing optional dependency 'xlrd'. Install xlrd >= 2.0.1 for xls Excel support Use pip or conda to install xlrd.
despesas-com-cartao-corporativo-e-suprimento-de-fundos_2018_Novembro.xls: Missing optional dependency 'xlrd'. Install xlrd >= 2.0.1 for xls Excel support Use pip or conda to install xlrd.
despesas-com-cartao-corporativo-e-suprimento-de-fundos_2018_Outubro.xls: Missing optional dependency 'xlrd'. Install xlrd >= 2.0.1 for xls Excel support Use pip or conda to install xlrd.
despesas-com-cartao-corporativo-e-suprimento-de-fundos_2018_Setembro.xls: Missing optional dependency 'xlrd'. Install xlrd >= 2.0.1 for xls Excel support Use pip or conda to install xlrd.
despesas-com-cartao-corporativo-e-suprimento-de-fundos_2019_Abril.xls: Missing optional dependency 'xlrd'. Install xlrd >= 2.0.1 for xls Excel support Use pip or conda to install xlrd.
despesas-com-cartao-corporativo-e-suprimento-de-fundos_2019_Fevereiro.xls: Missing optional dependency 'xlrd'. Install xlrd >= 2.0.1 for xls Excel support Use pip or conda to install xlrd.
despesas-com-cartao-corporativo-e-suprimento-de-fundos_2019_Janeiro.xls: Missing optional dependency 'xlrd'. Install xlrd >= 2.0.1 for xls Excel support Use pip or conda to install xlrd.
despesas-com-cartao-corporativo-e-suprimento-de-fundos_2019_Maio.xls: Missing optional dependency 'xlrd'. Install xlrd >= 2.0.1 for xls Excel support Use pip or conda to install xlrd.
despesas-com-cartao-corporativo-e-suprimento-de-fundos_2019_Marco.xls: Missing optional dependency 'xlrd'. Install xlrd >= 2.0.1 for xls Excel support Use pip or conda to install xlrd.
